{"code":"23505","constraint":"users_email_key","detail":"Ключ \"(email)=(user@example.com)\" уже существует.","file":"nbtinsert.c","length":308,"level":"error","line":"673","message":"Ошибка при регистрации пользователя: повторяющееся значение ключа нарушает ограничение уникальности \"users_email_key\"","name":"error","routine":"_bt_check_unique","schema":"public","severity":"ОШИБКА","stack":"error: повторяющееся значение ключа нарушает ограничение уникальности \"users_email_key\"\n    at C:\\Users\\strat\\JSProjects\\gangbank\\node_modules\\pg-pool\\index.js:45:11\n    at process.processTicksAndRejections (node:internal/process/task_queues:95:5)\n    at async C:\\Users\\strat\\JSProjects\\gangbank\\backend\\routes\\authRoutes.js:42:25","table":"users"}
{"code":"23505","constraint":"users_email_key","detail":"Ключ \"(email)=(user@example.com)\" уже существует.","file":"nbtinsert.c","length":308,"level":"error","line":"673","message":"Ошибка при регистрации пользователя: повторяющееся значение ключа нарушает ограничение уникальности \"users_email_key\"","name":"error","routine":"_bt_check_unique","schema":"public","severity":"ОШИБКА","stack":"error: повторяющееся значение ключа нарушает ограничение уникальности \"users_email_key\"\n    at C:\\Users\\strat\\JSProjects\\gangbank\\node_modules\\pg-pool\\index.js:45:11\n    at process.processTicksAndRejections (node:internal/process/task_queues:95:5)\n    at async C:\\Users\\strat\\JSProjects\\gangbank\\backend\\routes\\authRoutes.js:42:25","table":"users"}
{"code":"23505","constraint":"users_email_key","detail":"Ключ \"(email)=(user@example.com)\" уже существует.","file":"nbtinsert.c","length":308,"level":"error","line":"673","message":"Ошибка при регистрации пользователя: повторяющееся значение ключа нарушает ограничение уникальности \"users_email_key\"","name":"error","routine":"_bt_check_unique","schema":"public","severity":"ОШИБКА","stack":"error: повторяющееся значение ключа нарушает ограничение уникальности \"users_email_key\"\n    at C:\\Users\\strat\\JSProjects\\gangbank\\node_modules\\pg-pool\\index.js:45:11\n    at process.processTicksAndRejections (node:internal/process/task_queues:95:5)\n    at async C:\\Users\\strat\\JSProjects\\gangbank\\backend\\routes\\authRoutes.js:42:25","table":"users"}
{"code":"23505","constraint":"users_email_key","detail":"Ключ \"(email)=(user@example.com)\" уже существует.","file":"nbtinsert.c","length":308,"level":"error","line":"673","message":"Ошибка при регистрации пользователя: повторяющееся значение ключа нарушает ограничение уникальности \"users_email_key\"","name":"error","routine":"_bt_check_unique","schema":"public","severity":"ОШИБКА","stack":"error: повторяющееся значение ключа нарушает ограничение уникальности \"users_email_key\"\n    at C:\\Users\\strat\\JSProjects\\gangbank\\node_modules\\pg-pool\\index.js:45:11\n    at process.processTicksAndRejections (node:internal/process/task_queues:95:5)\n    at async C:\\Users\\strat\\JSProjects\\gangbank\\backend\\routes\\authRoutes.js:42:25","table":"users"}
{"code":"23505","constraint":"users_email_key","detail":"Ключ \"(email)=(user@example.com)\" уже существует.","file":"nbtinsert.c","length":308,"level":"error","line":"673","message":"Ошибка при регистрации пользователя: повторяющееся значение ключа нарушает ограничение уникальности \"users_email_key\"","name":"error","routine":"_bt_check_unique","schema":"public","severity":"ОШИБКА","stack":"error: повторяющееся значение ключа нарушает ограничение уникальности \"users_email_key\"\n    at C:\\Users\\strat\\JSProjects\\gangbank\\node_modules\\pg-pool\\index.js:45:11\n    at process.processTicksAndRejections (node:internal/process/task_queues:95:5)\n    at async C:\\Users\\strat\\JSProjects\\gangbank\\backend\\routes\\authRoutes.js:42:25","table":"users"}
{"code":"23505","constraint":"users_email_key","detail":"Ключ \"(email)=(user@example.com)\" уже существует.","file":"nbtinsert.c","length":308,"level":"error","line":"673","message":"Ошибка при регистрации пользователя: повторяющееся значение ключа нарушает ограничение уникальности \"users_email_key\"","name":"error","routine":"_bt_check_unique","schema":"public","severity":"ОШИБКА","stack":"error: повторяющееся значение ключа нарушает ограничение уникальности \"users_email_key\"\n    at C:\\Users\\strat\\JSProjects\\gangbank\\node_modules\\pg-pool\\index.js:45:11\n    at process.processTicksAndRejections (node:internal/process/task_queues:95:5)\n    at async C:\\Users\\strat\\JSProjects\\gangbank\\backend\\routes\\authRoutes.js:42:25","table":"users"}
{"code":"23505","constraint":"users_email_key","detail":"Ключ \"(email)=(user@example.com)\" уже существует.","file":"nbtinsert.c","length":308,"level":"error","line":"673","message":"Ошибка при регистрации пользователя: повторяющееся значение ключа нарушает ограничение уникальности \"users_email_key\"","name":"error","routine":"_bt_check_unique","schema":"public","severity":"ОШИБКА","stack":"error: повторяющееся значение ключа нарушает ограничение уникальности \"users_email_key\"\n    at C:\\Users\\strat\\JSProjects\\gangbank\\node_modules\\pg-pool\\index.js:45:11\n    at process.processTicksAndRejections (node:internal/process/task_queues:95:5)\n    at async C:\\Users\\strat\\JSProjects\\gangbank\\backend\\routes\\authRoutes.js:42:25","table":"users"}
{"code":"23505","constraint":"users_email_key","detail":"Ключ \"(email)=(user@example.com)\" уже существует.","file":"nbtinsert.c","length":308,"level":"error","line":"673","message":"Ошибка при регистрации пользователя: повторяющееся значение ключа нарушает ограничение уникальности \"users_email_key\"","name":"error","routine":"_bt_check_unique","schema":"public","severity":"ОШИБКА","stack":"error: повторяющееся значение ключа нарушает ограничение уникальности \"users_email_key\"\n    at C:\\Users\\strat\\JSProjects\\gangbank\\node_modules\\pg-pool\\index.js:45:11\n    at process.processTicksAndRejections (node:internal/process/task_queues:95:5)\n    at async C:\\Users\\strat\\JSProjects\\gangbank\\backend\\routes\\authRoutes.js:42:25","table":"users"}
{"code":"23505","constraint":"users_email_key","detail":"Ключ \"(email)=(user@example.com)\" уже существует.","file":"nbtinsert.c","length":308,"level":"error","line":"673","message":"Ошибка при регистрации пользователя: повторяющееся значение ключа нарушает ограничение уникальности \"users_email_key\"","name":"error","routine":"_bt_check_unique","schema":"public","severity":"ОШИБКА","stack":"error: повторяющееся значение ключа нарушает ограничение уникальности \"users_email_key\"\n    at C:\\Users\\strat\\JSProjects\\gangbank\\node_modules\\pg-pool\\index.js:45:11\n    at process.processTicksAndRejections (node:internal/process/task_queues:95:5)\n    at async C:\\Users\\strat\\JSProjects\\gangbank\\backend\\routes\\authRoutes.js:42:25","table":"users"}
{"code":"23505","constraint":"users_email_key","detail":"Ключ \"(email)=(user@example.com)\" уже существует.","file":"nbtinsert.c","length":308,"level":"error","line":"673","message":"Ошибка при регистрации пользователя: повторяющееся значение ключа нарушает ограничение уникальности \"users_email_key\"","name":"error","routine":"_bt_check_unique","schema":"public","severity":"ОШИБКА","stack":"error: повторяющееся значение ключа нарушает ограничение уникальности \"users_email_key\"\n    at C:\\Users\\strat\\JSProjects\\gangbank\\node_modules\\pg-pool\\index.js:45:11\n    at process.processTicksAndRejections (node:internal/process/task_queues:95:5)\n    at async C:\\Users\\strat\\JSProjects\\gangbank\\backend\\routes\\authRoutes.js:42:25","table":"users"}
{"code":"23505","constraint":"users_email_key","detail":"Ключ \"(email)=(user@example.com)\" уже существует.","file":"nbtinsert.c","length":308,"level":"error","line":"673","message":"Ошибка при регистрации пользователя: повторяющееся значение ключа нарушает ограничение уникальности \"users_email_key\"","name":"error","routine":"_bt_check_unique","schema":"public","severity":"ОШИБКА","stack":"error: повторяющееся значение ключа нарушает ограничение уникальности \"users_email_key\"\n    at C:\\Users\\strat\\JSProjects\\gangbank\\node_modules\\pg-pool\\index.js:45:11\n    at process.processTicksAndRejections (node:internal/process/task_queues:95:5)\n    at async C:\\Users\\strat\\JSProjects\\gangbank\\backend\\routes\\authRoutes.js:42:25","table":"users"}
{"code":"23505","constraint":"users_email_key","detail":"Ключ \"(email)=(user@example.com)\" уже существует.","file":"nbtinsert.c","length":308,"level":"error","line":"673","message":"Ошибка при регистрации пользователя: повторяющееся значение ключа нарушает ограничение уникальности \"users_email_key\"","name":"error","routine":"_bt_check_unique","schema":"public","severity":"ОШИБКА","stack":"error: повторяющееся значение ключа нарушает ограничение уникальности \"users_email_key\"\n    at C:\\Users\\strat\\JSProjects\\gangbank\\node_modules\\pg-pool\\index.js:45:11\n    at process.processTicksAndRejections (node:internal/process/task_queues:95:5)\n    at async C:\\Users\\strat\\JSProjects\\gangbank\\backend\\routes\\authRoutes.js:42:25","table":"users"}
{"code":"23505","constraint":"users_email_key","detail":"Ключ \"(email)=(user@example.com)\" уже существует.","file":"nbtinsert.c","length":308,"level":"error","line":"673","message":"Ошибка при регистрации пользователя: повторяющееся значение ключа нарушает ограничение уникальности \"users_email_key\"","name":"error","routine":"_bt_check_unique","schema":"public","severity":"ОШИБКА","stack":"error: повторяющееся значение ключа нарушает ограничение уникальности \"users_email_key\"\n    at C:\\Users\\strat\\JSProjects\\gangbank\\node_modules\\pg-pool\\index.js:45:11\n    at process.processTicksAndRejections (node:internal/process/task_queues:95:5)\n    at async C:\\Users\\strat\\JSProjects\\gangbank\\backend\\routes\\authRoutes.js:42:25","table":"users"}
{"code":"23505","constraint":"users_email_key","detail":"Ключ \"(email)=(user@example.com)\" уже существует.","file":"nbtinsert.c","length":308,"level":"error","line":"673","message":"Ошибка при регистрации пользователя: повторяющееся значение ключа нарушает ограничение уникальности \"users_email_key\"","name":"error","routine":"_bt_check_unique","schema":"public","severity":"ОШИБКА","stack":"error: повторяющееся значение ключа нарушает ограничение уникальности \"users_email_key\"\n    at C:\\Users\\strat\\JSProjects\\gangbank\\node_modules\\pg-pool\\index.js:45:11\n    at process.processTicksAndRejections (node:internal/process/task_queues:95:5)\n    at async C:\\Users\\strat\\JSProjects\\gangbank\\backend\\routes\\authRoutes.js:42:25","table":"users","timestamp":"2024-03-15T23:27:02.296Z"}
2024-03-15T23:28:41.647Z error: Ошибка при регистрации пользователя: повторяющееся значение ключа нарушает ограничение уникальности "users_email_key"
2024-03-15T23:30:49.091Z error: Ошибка при регистрации пользователя: повторяющееся значение ключа нарушает ограничение уникальности "users_email_key"
2024-03-15T23:33:00.599Z error: Ошибка при регистрации пользователя: повторяющееся значение ключа нарушает ограничение уникальности "users_email_key", Ключ "(email)=(user@example.com)" уже существует.
2024-03-17T02:17:58.779Z error: Ошибка при регистрации пользователя: повторяющееся значение ключа нарушает ограничение уникальности "users_email_key", Ключ "(email)=(user@example.com)" уже существует.
2024-03-17T02:18:06.662Z error: Ошибка при регистрации пользователя: повторяющееся значение ключа нарушает ограничение уникальности "users_email_key", Ключ "(email)=(user@example.com)" уже существует.
2024-03-17T10:08:20.063Z error: Ошибка при регистрации пользователя: повторяющееся значение ключа нарушает ограничение уникальности "users_phone_number_key", Ключ "(phone)=(+79991231123)" уже существует.
2024-03-17T20:16:26.473Z error: Ошибка при регистрации пользователя: повторяющееся значение ключа нарушает ограничение уникальности "users_phone_number_key", Ключ "(phone)=(+74012001124)" уже существует.
2024-03-17T20:16:32.090Z error: Ошибка при регистрации пользователя: повторяющееся значение ключа нарушает ограничение уникальности "users_phone_number_key", Ключ "(phone)=(+74012001124)" уже существует.
2024-03-17T22:01:53.717Z error: Ошибка при регистрации пользователя: повторяющееся значение ключа нарушает ограничение уникальности "users_phone_number_key", Ключ "(phone)=(+74012001124)" уже существует.
2024-03-17T22:02:29.642Z error: Пользователь уже зарегистрирован. Войдите с помощью номера телефона и пароля, undefined
2024-03-17T22:03:49.776Z error: Пользователь не найден. Начните процесс регистрации сначала, undefined
2024-03-17T22:14:27.212Z error: Пользователь не найден. Начните процесс регистрации сначала, undefined
2024-03-17T23:06:37.424Z error: Пользователь не найден. Начните процесс регистрации сначала, undefined
2024-03-17T23:07:19.772Z error: Пользователь не найден. Начните процесс регистрации сначала, undefined
2024-03-17T23:07:20.634Z error: Пользователь не найден. Начните процесс регистрации сначала, undefined
2024-03-17T23:07:20.887Z error: Пользователь не найден. Начните процесс регистрации сначала, undefined
2024-03-17T23:07:21.049Z error: Пользователь не найден. Начните процесс регистрации сначала, undefined
2024-03-17T23:07:21.235Z error: Пользователь не найден. Начните процесс регистрации сначала, undefined
2024-03-17T23:07:53.937Z error: Ошибка при регистрации пользователя: повторяющееся значение ключа нарушает ограничение уникальности "users_email_key", Ключ "(email)=(asdasd@mail.com)" уже существует.
2024-03-17T23:16:05.386Z error: Пользователь не найден. Начните процесс регистрации сначала, undefined
2024-03-17T23:22:19.787Z error: Пользователь не найден. Начните процесс регистрации сначала, undefined
2024-03-17T23:36:36.039Z error: Пользователь не найден. Начните процесс регистрации сначала, undefined
2024-03-17T23:39:32.513Z error: Пользователь не найден. Начните процесс регистрации сначала, undefined
2024-03-17T23:47:49.724Z error: Пользователь не найден. Начните процесс регистрации сначала, undefined
2024-03-17T23:48:21.645Z error: Пользователь уже зарегистрирован. Войдите с помощью номера телефона и пароля, undefined
2024-03-17T23:50:47.164Z error: Пользователь не найден. Начните процесс регистрации сначала, undefined
2024-03-17T23:51:40.339Z error: Пользователь не найден. Начните процесс регистрации сначала, undefined
2024-03-17T23:55:35.541Z error: Пользователь не найден. Начните процесс регистрации сначала, undefined
2024-03-17T23:58:55.572Z error: Пользователь уже зарегистрирован. Войдите с помощью номера телефона и пароля, undefined
2024-03-18T00:14:09.909Z error: Пользователь не найден. Начните процесс регистрации сначала, undefined
2024-03-18T00:16:10.626Z error: Пользователь не найден. Начните процесс регистрации сначала, undefined
2024-03-18T00:16:43.630Z error: Пользователь не найден. Начните процесс регистрации сначала, undefined
2024-03-18T01:15:29.473Z error: Пользователь не найден. Начните процесс регистрации сначала, undefined
2024-03-18T01:16:42.430Z error: Пользователь не найден. Начните процесс регистрации сначала, undefined
2024-03-18T01:17:45.057Z error: Пользователь не найден. Начните процесс регистрации сначала, undefined
2024-03-18T01:50:47.840Z error: Пользователь не найден. Начните процесс регистрации сначала, undefined
2024-03-18T01:52:47.386Z error: Пользователь не найден. Начните процесс регистрации сначала, undefined
2024-03-18T02:25:02.110Z error: Пользователь не найден. Начните процесс регистрации сначала, undefined
2024-03-18T02:33:10.270Z error: Пользователь не найден. Начните процесс регистрации сначала, undefined
2024-03-18T11:15:12.227Z error: Ошибка при регистрации пользователя: повторяющееся значение ключа нарушает ограничение уникальности "users_phone_number_key", Ключ "(phone)=(+79874352344)" уже существует.
2024-03-19T15:42:32.244Z error: Неверный код подтверждения, undefined
2024-03-19T16:53:25.999Z error: Неверный код подтверждения, undefined
2024-03-19T17:03:54.681Z error: Неверный код подтверждения, undefined
2024-03-19T17:12:57.342Z error: Неверный код подтверждения, undefined
2024-03-19T19:14:28.173Z error: Неверный код подтверждения, undefined
2024-03-20T11:15:50.699Z error: Неверный код подтверждения, undefined
2024-03-20T11:46:50.847Z error: Ошибка при регистрации пользователя: новая строка в отношении "users" нарушает ограничение-проверку "users_email_check", Ошибочная строка содержит (88, +79992321354, dfg45y@dfg.gd2, $2b$10$5lNYzuT/QmKiYaR8ZOiY2u9zihbQ/V5ii7f8m4S1hrtHkehlubVgy, f).
2024-03-20T11:47:50.756Z error: Ошибка при регистрации пользователя: новая строка в отношении "users" нарушает ограничение-проверку "users_email_check", Ошибочная строка содержит (89, +79992321354, dfg45y@dfg.gd2, $2b$10$pxStILN1Igx4rEMJ4/RyK.Ni.fcHkXhDtkSdAJ4KMnvlAvmDURuX., f).
2024-03-20T11:49:07.533Z error: Ошибка при регистрации пользователя: новая строка в отношении "users" нарушает ограничение-проверку "users_email_check", Ошибочная строка содержит (90, +79563122333, dfg45y@dfg.gd2, $2b$10$NswfV1l0prZsbehT4VYtdO4VjC49ddtckjeu5rRzQ7FccQGI81LcW, f).
2024-03-20T12:01:49.333Z error: Ошибка при регистрации пользователя: новая строка в отношении "users" нарушает ограничение-проверку "users_email_check", Ошибочная строка содержит (91, +79865562233, dfg45y@dfg.gd2, $2b$10$eNCOJvhmOQwGGj42SieuKO06YxDjhTwCPNFtKAKznbfVVxzsRO4l2, f).
2024-03-20T12:02:44.159Z error: Ошибка при регистрации пользователя: повторяющееся значение ключа нарушает ограничение уникальности "users_email_key", Ключ "(email)=(dfg45y@dfg.gd)" уже существует.
2024-03-20T12:10:21.353Z error: Пользователь уже зарегистрирован. Войдите с помощью номера телефона и пароля, undefined
2024-03-20T12:30:40.497Z error: Пользователь уже зарегистрирован. Войдите с помощью номера телефона и пароля, undefined
2024-03-20T12:32:36.900Z error: Пользователь уже зарегистрирован. Войдите с помощью номера телефона и пароля, undefined
2024-03-20T12:32:48.579Z error: Пользователь уже зарегистрирован. Войдите с помощью номера телефона и пароля, undefined
2024-03-20T12:37:55.899Z error: Пользователь уже зарегистрирован. Войдите с помощью номера телефона и пароля, undefined
2024-03-20T12:47:25.444Z error: Пользователь уже зарегистрирован. Войдите с помощью номера телефона и пароля, undefined
2024-03-20T12:51:00.828Z error: Пользователь уже зарегистрирован. Войдите с помощью номера телефона и пароля, undefined
2024-03-20T13:01:37.970Z error: Пользователь уже зарегистрирован. Войдите с помощью номера телефона и пароля, undefined
2024-03-20T13:15:07.612Z error: Пользователь уже зарегистрирован. Войдите с помощью номера телефона и пароля, undefined
2024-03-20T13:15:48.336Z error: Пользователь уже зарегистрирован. Войдите с помощью номера телефона и пароля, undefined
2024-03-27T16:53:06.011Z error: Ошибка при регистрации пользователя: SASL: SCRAM-SERVER-FIRST-MESSAGE: client password must be a string, undefined
2024-03-27T17:31:01.138Z error: Ошибка при регистрации пользователя: password authentication failed for user "postgres", undefined
2024-04-01T16:53:20.637Z error: Ошибка при регистрации пользователя: connect ECONNREFUSED ::1:5432, undefined
2024-04-01T16:53:36.082Z error: Ошибка при регистрации пользователя: connect ECONNREFUSED ::1:5432, undefined
2024-04-01T17:09:41.545Z error: Ошибка при подтверждении регистрации: connect ECONNREFUSED ::1:5432, undefined
2024-04-01T17:40:01.433Z error: Ошибка при регистрации пользователя: connect ECONNREFUSED ::1:5432, undefined
2024-04-07T20:45:54.718Z error: Ошибка при регистрации пользователя: connect ECONNREFUSED ::1:5432, undefined
2024-04-07T20:48:10.220Z error: Ошибка при регистрации пользователя: relation "users" does not exist, undefined
2024-04-07T20:49:13.849Z error: Ошибка при регистрации пользователя: relation "users" does not exist, undefined
2024-04-07T21:11:16.024Z error: Ошибка при регистрации пользователя: relation "users" does not exist, undefined
2024-04-07T22:03:10.287Z error: Ошибка при подтверждении регистрации: column "confirmed" of relation "users" does not exist, undefined
2024-04-28T12:05:37.920Z error: Ошибка при регистрации пользователя: pool.query is not a function, undefined
2024-04-28T12:07:08.272Z error: Ошибка при регистрации пользователя: pool.query is not a function, undefined
2024-04-28T12:10:22.610Z error: Ошибка при регистрации пользователя: pool.query is not a function, undefined
2024-04-28T12:11:24.967Z error: Ошибка при регистрации пользователя: pool.query is not a function, undefined
2024-04-28T12:12:42.718Z error: Ошибка при регистрации пользователя: pool.query is not a function, undefined
2024-04-28T12:15:46.998Z error: Ошибка при регистрации пользователя: pool.query is not a function, undefined
2024-04-28T12:16:56.098Z error: Ошибка при регистрации пользователя: pool.query is not a function, undefined
2024-04-28T12:17:23.374Z error: Ошибка при регистрации пользователя: pool.query is not a function, undefined
2024-04-28T12:22:03.649Z error: Ошибка при регистрации пользователя: pool.query is not a function, undefined
2024-04-28T12:28:42.749Z error: Ошибка при регистрации пользователя: pool.query is not a function, undefined
2024-04-28T12:29:31.339Z error: Ошибка при регистрации пользователя: pool.query is not a function, undefined
2024-04-28T18:30:32.566Z error: Ошибка при регистрации пользователя: pool.query is not a function, undefined
2024-04-28T18:30:52.915Z error: Ошибка при регистрации пользователя: pool.query is not a function, undefined
2024-04-28T18:30:58.673Z error: Ошибка при регистрации пользователя: pool.query is not a function, undefined
2024-04-28T18:31:23.639Z error: Ошибка при подтверждении регистрации: pool.query is not a function, undefined
2024-04-28T18:32:09.282Z error: Ошибка при регистрации пользователя: pool.query is not a function, undefined
2024-04-28T19:02:31.067Z error: Ошибка при регистрации пользователя: pool.query is not a function, undefined
2024-04-28T19:03:33.107Z error: Ошибка при регистрации пользователя: pool.query is not a function, undefined
2024-04-28T19:05:36.949Z error: TypeError: logger.info is not a function
    at C:\Users\strat\JSProjects\gangbank\backend\index.js:17:10
    at Layer.handle [as handle_request] (C:\Users\strat\JSProjects\gangbank\node_modules\express\lib\router\layer.js:95:5)
    at trim_prefix (C:\Users\strat\JSProjects\gangbank\node_modules\express\lib\router\index.js:328:13)
    at C:\Users\strat\JSProjects\gangbank\node_modules\express\lib\router\index.js:286:9
    at Function.process_params (C:\Users\strat\JSProjects\gangbank\node_modules\express\lib\router\index.js:346:12)
    at next (C:\Users\strat\JSProjects\gangbank\node_modules\express\lib\router\index.js:280:10)
    at expressInit (C:\Users\strat\JSProjects\gangbank\node_modules\express\lib\middleware\init.js:40:5)
    at Layer.handle [as handle_request] (C:\Users\strat\JSProjects\gangbank\node_modules\express\lib\router\layer.js:95:5)
    at trim_prefix (C:\Users\strat\JSProjects\gangbank\node_modules\express\lib\router\index.js:328:13)
    at C:\Users\strat\JSProjects\gangbank\node_modules\express\lib\router\index.js:286:9, undefined
2024-04-28T19:08:13.139Z error: TypeError: logger.info is not a function
    at C:\Users\strat\JSProjects\gangbank\backend\index.js:17:10
    at Layer.handle [as handle_request] (C:\Users\strat\JSProjects\gangbank\node_modules\express\lib\router\layer.js:95:5)
    at trim_prefix (C:\Users\strat\JSProjects\gangbank\node_modules\express\lib\router\index.js:328:13)
    at C:\Users\strat\JSProjects\gangbank\node_modules\express\lib\router\index.js:286:9
    at Function.process_params (C:\Users\strat\JSProjects\gangbank\node_modules\express\lib\router\index.js:346:12)
    at next (C:\Users\strat\JSProjects\gangbank\node_modules\express\lib\router\index.js:280:10)
    at expressInit (C:\Users\strat\JSProjects\gangbank\node_modules\express\lib\middleware\init.js:40:5)
    at Layer.handle [as handle_request] (C:\Users\strat\JSProjects\gangbank\node_modules\express\lib\router\layer.js:95:5)
    at trim_prefix (C:\Users\strat\JSProjects\gangbank\node_modules\express\lib\router\index.js:328:13)
    at C:\Users\strat\JSProjects\gangbank\node_modules\express\lib\router\index.js:286:9, undefined
2024-04-28T19:10:14.736Z error: TypeError: logger.info is not a function
    at C:\Users\strat\JSProjects\gangbank\backend\index.js:17:10
    at Layer.handle [as handle_request] (C:\Users\strat\JSProjects\gangbank\node_modules\express\lib\router\layer.js:95:5)
    at trim_prefix (C:\Users\strat\JSProjects\gangbank\node_modules\express\lib\router\index.js:328:13)
    at C:\Users\strat\JSProjects\gangbank\node_modules\express\lib\router\index.js:286:9
    at Function.process_params (C:\Users\strat\JSProjects\gangbank\node_modules\express\lib\router\index.js:346:12)
    at next (C:\Users\strat\JSProjects\gangbank\node_modules\express\lib\router\index.js:280:10)
    at expressInit (C:\Users\strat\JSProjects\gangbank\node_modules\express\lib\middleware\init.js:40:5)
    at Layer.handle [as handle_request] (C:\Users\strat\JSProjects\gangbank\node_modules\express\lib\router\layer.js:95:5)
    at trim_prefix (C:\Users\strat\JSProjects\gangbank\node_modules\express\lib\router\index.js:328:13)
    at C:\Users\strat\JSProjects\gangbank\node_modules\express\lib\router\index.js:286:9, undefined
2024-04-28T19:14:56.237Z error: TypeError: logger.info is not a function
    at C:\Users\strat\JSProjects\gangbank\backend\index.js:17:10
    at Layer.handle [as handle_request] (C:\Users\strat\JSProjects\gangbank\node_modules\express\lib\router\layer.js:95:5)
    at trim_prefix (C:\Users\strat\JSProjects\gangbank\node_modules\express\lib\router\index.js:328:13)
    at C:\Users\strat\JSProjects\gangbank\node_modules\express\lib\router\index.js:286:9
    at Function.process_params (C:\Users\strat\JSProjects\gangbank\node_modules\express\lib\router\index.js:346:12)
    at next (C:\Users\strat\JSProjects\gangbank\node_modules\express\lib\router\index.js:280:10)
    at expressInit (C:\Users\strat\JSProjects\gangbank\node_modules\express\lib\middleware\init.js:40:5)
    at Layer.handle [as handle_request] (C:\Users\strat\JSProjects\gangbank\node_modules\express\lib\router\layer.js:95:5)
    at trim_prefix (C:\Users\strat\JSProjects\gangbank\node_modules\express\lib\router\index.js:328:13)
    at C:\Users\strat\JSProjects\gangbank\node_modules\express\lib\router\index.js:286:9, undefined
2024-04-28T19:15:14.521Z error: TypeError: logger.info is not a function
    at C:\Users\strat\JSProjects\gangbank\backend\index.js:17:10
    at Layer.handle [as handle_request] (C:\Users\strat\JSProjects\gangbank\node_modules\express\lib\router\layer.js:95:5)
    at trim_prefix (C:\Users\strat\JSProjects\gangbank\node_modules\express\lib\router\index.js:328:13)
    at C:\Users\strat\JSProjects\gangbank\node_modules\express\lib\router\index.js:286:9
    at Function.process_params (C:\Users\strat\JSProjects\gangbank\node_modules\express\lib\router\index.js:346:12)
    at next (C:\Users\strat\JSProjects\gangbank\node_modules\express\lib\router\index.js:280:10)
    at expressInit (C:\Users\strat\JSProjects\gangbank\node_modules\express\lib\middleware\init.js:40:5)
    at Layer.handle [as handle_request] (C:\Users\strat\JSProjects\gangbank\node_modules\express\lib\router\layer.js:95:5)
    at trim_prefix (C:\Users\strat\JSProjects\gangbank\node_modules\express\lib\router\index.js:328:13)
    at C:\Users\strat\JSProjects\gangbank\node_modules\express\lib\router\index.js:286:9, undefined
2024-04-28T19:16:10.935Z error: TypeError: logger.info is not a function
    at C:\Users\strat\JSProjects\gangbank\backend\index.js:17:10
    at Layer.handle [as handle_request] (C:\Users\strat\JSProjects\gangbank\node_modules\express\lib\router\layer.js:95:5)
    at trim_prefix (C:\Users\strat\JSProjects\gangbank\node_modules\express\lib\router\index.js:328:13)
    at C:\Users\strat\JSProjects\gangbank\node_modules\express\lib\router\index.js:286:9
    at Function.process_params (C:\Users\strat\JSProjects\gangbank\node_modules\express\lib\router\index.js:346:12)
    at next (C:\Users\strat\JSProjects\gangbank\node_modules\express\lib\router\index.js:280:10)
    at expressInit (C:\Users\strat\JSProjects\gangbank\node_modules\express\lib\middleware\init.js:40:5)
    at Layer.handle [as handle_request] (C:\Users\strat\JSProjects\gangbank\node_modules\express\lib\router\layer.js:95:5)
    at trim_prefix (C:\Users\strat\JSProjects\gangbank\node_modules\express\lib\router\index.js:328:13)
    at C:\Users\strat\JSProjects\gangbank\node_modules\express\lib\router\index.js:286:9, undefined
2024-04-28T19:19:23.750Z error: TypeError: logger.info is not a function
    at C:\Users\strat\JSProjects\gangbank\backend\index.js:17:10
    at Layer.handle [as handle_request] (C:\Users\strat\JSProjects\gangbank\node_modules\express\lib\router\layer.js:95:5)
    at trim_prefix (C:\Users\strat\JSProjects\gangbank\node_modules\express\lib\router\index.js:328:13)
    at C:\Users\strat\JSProjects\gangbank\node_modules\express\lib\router\index.js:286:9
    at Function.process_params (C:\Users\strat\JSProjects\gangbank\node_modules\express\lib\router\index.js:346:12)
    at next (C:\Users\strat\JSProjects\gangbank\node_modules\express\lib\router\index.js:280:10)
    at expressInit (C:\Users\strat\JSProjects\gangbank\node_modules\express\lib\middleware\init.js:40:5)
    at Layer.handle [as handle_request] (C:\Users\strat\JSProjects\gangbank\node_modules\express\lib\router\layer.js:95:5)
    at trim_prefix (C:\Users\strat\JSProjects\gangbank\node_modules\express\lib\router\index.js:328:13)
    at C:\Users\strat\JSProjects\gangbank\node_modules\express\lib\router\index.js:286:9, undefined
2024-04-28T19:22:25.689Z error: TypeError: logger.info is not a function
    at C:\Users\strat\JSProjects\gangbank\backend\index.js:17:10
    at Layer.handle [as handle_request] (C:\Users\strat\JSProjects\gangbank\node_modules\express\lib\router\layer.js:95:5)
    at trim_prefix (C:\Users\strat\JSProjects\gangbank\node_modules\express\lib\router\index.js:328:13)
    at C:\Users\strat\JSProjects\gangbank\node_modules\express\lib\router\index.js:286:9
    at Function.process_params (C:\Users\strat\JSProjects\gangbank\node_modules\express\lib\router\index.js:346:12)
    at next (C:\Users\strat\JSProjects\gangbank\node_modules\express\lib\router\index.js:280:10)
    at expressInit (C:\Users\strat\JSProjects\gangbank\node_modules\express\lib\middleware\init.js:40:5)
    at Layer.handle [as handle_request] (C:\Users\strat\JSProjects\gangbank\node_modules\express\lib\router\layer.js:95:5)
    at trim_prefix (C:\Users\strat\JSProjects\gangbank\node_modules\express\lib\router\index.js:328:13)
    at C:\Users\strat\JSProjects\gangbank\node_modules\express\lib\router\index.js:286:9, undefined
2024-04-28T19:28:46.352Z error: TypeError: logger.info is not a function
    at C:\Users\strat\JSProjects\gangbank\backend\index.js:17:10
    at Layer.handle [as handle_request] (C:\Users\strat\JSProjects\gangbank\node_modules\express\lib\router\layer.js:95:5)
    at trim_prefix (C:\Users\strat\JSProjects\gangbank\node_modules\express\lib\router\index.js:328:13)
    at C:\Users\strat\JSProjects\gangbank\node_modules\express\lib\router\index.js:286:9
    at Function.process_params (C:\Users\strat\JSProjects\gangbank\node_modules\express\lib\router\index.js:346:12)
    at next (C:\Users\strat\JSProjects\gangbank\node_modules\express\lib\router\index.js:280:10)
    at expressInit (C:\Users\strat\JSProjects\gangbank\node_modules\express\lib\middleware\init.js:40:5)
    at Layer.handle [as handle_request] (C:\Users\strat\JSProjects\gangbank\node_modules\express\lib\router\layer.js:95:5)
    at trim_prefix (C:\Users\strat\JSProjects\gangbank\node_modules\express\lib\router\index.js:328:13)
    at C:\Users\strat\JSProjects\gangbank\node_modules\express\lib\router\index.js:286:9, undefined
2024-04-28T19:28:55.309Z error: TypeError: logger.info is not a function
    at C:\Users\strat\JSProjects\gangbank\backend\index.js:17:10
    at Layer.handle [as handle_request] (C:\Users\strat\JSProjects\gangbank\node_modules\express\lib\router\layer.js:95:5)
    at trim_prefix (C:\Users\strat\JSProjects\gangbank\node_modules\express\lib\router\index.js:328:13)
    at C:\Users\strat\JSProjects\gangbank\node_modules\express\lib\router\index.js:286:9
    at Function.process_params (C:\Users\strat\JSProjects\gangbank\node_modules\express\lib\router\index.js:346:12)
    at next (C:\Users\strat\JSProjects\gangbank\node_modules\express\lib\router\index.js:280:10)
    at expressInit (C:\Users\strat\JSProjects\gangbank\node_modules\express\lib\middleware\init.js:40:5)
    at Layer.handle [as handle_request] (C:\Users\strat\JSProjects\gangbank\node_modules\express\lib\router\layer.js:95:5)
    at trim_prefix (C:\Users\strat\JSProjects\gangbank\node_modules\express\lib\router\index.js:328:13)
    at C:\Users\strat\JSProjects\gangbank\node_modules\express\lib\router\index.js:286:9, undefined
2024-04-28T19:32:28.143Z error: TypeError: logger.info is not a function
    at C:\Users\strat\JSProjects\gangbank\backend\index.js:34:10
    at Layer.handle [as handle_request] (C:\Users\strat\JSProjects\gangbank\node_modules\express\lib\router\layer.js:95:5)
    at trim_prefix (C:\Users\strat\JSProjects\gangbank\node_modules\express\lib\router\index.js:328:13)
    at C:\Users\strat\JSProjects\gangbank\node_modules\express\lib\router\index.js:286:9
    at Function.process_params (C:\Users\strat\JSProjects\gangbank\node_modules\express\lib\router\index.js:346:12)
    at next (C:\Users\strat\JSProjects\gangbank\node_modules\express\lib\router\index.js:280:10)
    at C:\Users\strat\JSProjects\gangbank\backend\index.js:27:3
    at Layer.handle [as handle_request] (C:\Users\strat\JSProjects\gangbank\node_modules\express\lib\router\layer.js:95:5)
    at trim_prefix (C:\Users\strat\JSProjects\gangbank\node_modules\express\lib\router\index.js:328:13)
    at C:\Users\strat\JSProjects\gangbank\node_modules\express\lib\router\index.js:286:9, undefined
2024-04-28T19:34:38.152Z error: TypeError: logger.info is not a function
    at C:\Users\strat\JSProjects\gangbank\backend\index.js:34:10
    at Layer.handle [as handle_request] (C:\Users\strat\JSProjects\gangbank\node_modules\express\lib\router\layer.js:95:5)
    at trim_prefix (C:\Users\strat\JSProjects\gangbank\node_modules\express\lib\router\index.js:328:13)
    at C:\Users\strat\JSProjects\gangbank\node_modules\express\lib\router\index.js:286:9
    at Function.process_params (C:\Users\strat\JSProjects\gangbank\node_modules\express\lib\router\index.js:346:12)
    at next (C:\Users\strat\JSProjects\gangbank\node_modules\express\lib\router\index.js:280:10)
    at C:\Users\strat\JSProjects\gangbank\backend\index.js:27:3
    at Layer.handle [as handle_request] (C:\Users\strat\JSProjects\gangbank\node_modules\express\lib\router\layer.js:95:5)
    at trim_prefix (C:\Users\strat\JSProjects\gangbank\node_modules\express\lib\router\index.js:328:13)
    at C:\Users\strat\JSProjects\gangbank\node_modules\express\lib\router\index.js:286:9, undefined
2024-04-28T19:35:02.480Z error: TypeError: logger.info is not a function
    at C:\Users\strat\JSProjects\gangbank\backend\index.js:34:10
    at Layer.handle [as handle_request] (C:\Users\strat\JSProjects\gangbank\node_modules\express\lib\router\layer.js:95:5)
    at trim_prefix (C:\Users\strat\JSProjects\gangbank\node_modules\express\lib\router\index.js:328:13)
    at C:\Users\strat\JSProjects\gangbank\node_modules\express\lib\router\index.js:286:9
    at Function.process_params (C:\Users\strat\JSProjects\gangbank\node_modules\express\lib\router\index.js:346:12)
    at next (C:\Users\strat\JSProjects\gangbank\node_modules\express\lib\router\index.js:280:10)
    at C:\Users\strat\JSProjects\gangbank\backend\index.js:27:3
    at Layer.handle [as handle_request] (C:\Users\strat\JSProjects\gangbank\node_modules\express\lib\router\layer.js:95:5)
    at trim_prefix (C:\Users\strat\JSProjects\gangbank\node_modules\express\lib\router\index.js:328:13)
    at C:\Users\strat\JSProjects\gangbank\node_modules\express\lib\router\index.js:286:9, undefined
2024-04-28T19:35:38.943Z error: TypeError: logger.info is not a function
    at C:\Users\strat\JSProjects\gangbank\backend\index.js:34:10
    at Layer.handle [as handle_request] (C:\Users\strat\JSProjects\gangbank\node_modules\express\lib\router\layer.js:95:5)
    at trim_prefix (C:\Users\strat\JSProjects\gangbank\node_modules\express\lib\router\index.js:328:13)
    at C:\Users\strat\JSProjects\gangbank\node_modules\express\lib\router\index.js:286:9
    at Function.process_params (C:\Users\strat\JSProjects\gangbank\node_modules\express\lib\router\index.js:346:12)
    at next (C:\Users\strat\JSProjects\gangbank\node_modules\express\lib\router\index.js:280:10)
    at C:\Users\strat\JSProjects\gangbank\backend\index.js:27:3
    at Layer.handle [as handle_request] (C:\Users\strat\JSProjects\gangbank\node_modules\express\lib\router\layer.js:95:5)
    at trim_prefix (C:\Users\strat\JSProjects\gangbank\node_modules\express\lib\router\index.js:328:13)
    at C:\Users\strat\JSProjects\gangbank\node_modules\express\lib\router\index.js:286:9, undefined
2024-04-28T19:35:43.110Z error: TypeError: logger.info is not a function
    at C:\Users\strat\JSProjects\gangbank\backend\index.js:34:10
    at Layer.handle [as handle_request] (C:\Users\strat\JSProjects\gangbank\node_modules\express\lib\router\layer.js:95:5)
    at trim_prefix (C:\Users\strat\JSProjects\gangbank\node_modules\express\lib\router\index.js:328:13)
    at C:\Users\strat\JSProjects\gangbank\node_modules\express\lib\router\index.js:286:9
    at Function.process_params (C:\Users\strat\JSProjects\gangbank\node_modules\express\lib\router\index.js:346:12)
    at next (C:\Users\strat\JSProjects\gangbank\node_modules\express\lib\router\index.js:280:10)
    at C:\Users\strat\JSProjects\gangbank\backend\index.js:27:3
    at Layer.handle [as handle_request] (C:\Users\strat\JSProjects\gangbank\node_modules\express\lib\router\layer.js:95:5)
    at trim_prefix (C:\Users\strat\JSProjects\gangbank\node_modules\express\lib\router\index.js:328:13)
    at C:\Users\strat\JSProjects\gangbank\node_modules\express\lib\router\index.js:286:9, undefined
2024-04-28T19:36:44.693Z error: TypeError: logger.info is not a function
    at C:\Users\strat\JSProjects\gangbank\backend\index.js:34:10
    at Layer.handle [as handle_request] (C:\Users\strat\JSProjects\gangbank\node_modules\express\lib\router\layer.js:95:5)
    at trim_prefix (C:\Users\strat\JSProjects\gangbank\node_modules\express\lib\router\index.js:328:13)
    at C:\Users\strat\JSProjects\gangbank\node_modules\express\lib\router\index.js:286:9
    at Function.process_params (C:\Users\strat\JSProjects\gangbank\node_modules\express\lib\router\index.js:346:12)
    at next (C:\Users\strat\JSProjects\gangbank\node_modules\express\lib\router\index.js:280:10)
    at C:\Users\strat\JSProjects\gangbank\backend\index.js:27:3
    at Layer.handle [as handle_request] (C:\Users\strat\JSProjects\gangbank\node_modules\express\lib\router\layer.js:95:5)
    at trim_prefix (C:\Users\strat\JSProjects\gangbank\node_modules\express\lib\router\index.js:328:13)
    at C:\Users\strat\JSProjects\gangbank\node_modules\express\lib\router\index.js:286:9, undefined
2024-04-28T19:38:12.011Z error: TypeError: logger.info is not a function
    at C:\Users\strat\JSProjects\gangbank\backend\index.js:34:10
    at Layer.handle [as handle_request] (C:\Users\strat\JSProjects\gangbank\node_modules\express\lib\router\layer.js:95:5)
    at trim_prefix (C:\Users\strat\JSProjects\gangbank\node_modules\express\lib\router\index.js:328:13)
    at C:\Users\strat\JSProjects\gangbank\node_modules\express\lib\router\index.js:286:9
    at Function.process_params (C:\Users\strat\JSProjects\gangbank\node_modules\express\lib\router\index.js:346:12)
    at next (C:\Users\strat\JSProjects\gangbank\node_modules\express\lib\router\index.js:280:10)
    at C:\Users\strat\JSProjects\gangbank\backend\index.js:27:3
    at Layer.handle [as handle_request] (C:\Users\strat\JSProjects\gangbank\node_modules\express\lib\router\layer.js:95:5)
    at trim_prefix (C:\Users\strat\JSProjects\gangbank\node_modules\express\lib\router\index.js:328:13)
    at C:\Users\strat\JSProjects\gangbank\node_modules\express\lib\router\index.js:286:9, undefined
2024-04-28T19:39:00.587Z error: TypeError: logger.info is not a function
    at C:\Users\strat\JSProjects\gangbank\backend\index.js:34:10
    at Layer.handle [as handle_request] (C:\Users\strat\JSProjects\gangbank\node_modules\express\lib\router\layer.js:95:5)
    at trim_prefix (C:\Users\strat\JSProjects\gangbank\node_modules\express\lib\router\index.js:328:13)
    at C:\Users\strat\JSProjects\gangbank\node_modules\express\lib\router\index.js:286:9
    at Function.process_params (C:\Users\strat\JSProjects\gangbank\node_modules\express\lib\router\index.js:346:12)
    at next (C:\Users\strat\JSProjects\gangbank\node_modules\express\lib\router\index.js:280:10)
    at C:\Users\strat\JSProjects\gangbank\backend\index.js:27:3
    at Layer.handle [as handle_request] (C:\Users\strat\JSProjects\gangbank\node_modules\express\lib\router\layer.js:95:5)
    at trim_prefix (C:\Users\strat\JSProjects\gangbank\node_modules\express\lib\router\index.js:328:13)
    at C:\Users\strat\JSProjects\gangbank\node_modules\express\lib\router\index.js:286:9, undefined
2024-04-28T19:41:00.111Z error: TypeError: logger.info is not a function
    at C:\Users\strat\JSProjects\gangbank\backend\index.js:34:10
    at Layer.handle [as handle_request] (C:\Users\strat\JSProjects\gangbank\node_modules\express\lib\router\layer.js:95:5)
    at trim_prefix (C:\Users\strat\JSProjects\gangbank\node_modules\express\lib\router\index.js:328:13)
    at C:\Users\strat\JSProjects\gangbank\node_modules\express\lib\router\index.js:286:9
    at Function.process_params (C:\Users\strat\JSProjects\gangbank\node_modules\express\lib\router\index.js:346:12)
    at next (C:\Users\strat\JSProjects\gangbank\node_modules\express\lib\router\index.js:280:10)
    at C:\Users\strat\JSProjects\gangbank\backend\index.js:27:3
    at Layer.handle [as handle_request] (C:\Users\strat\JSProjects\gangbank\node_modules\express\lib\router\layer.js:95:5)
    at trim_prefix (C:\Users\strat\JSProjects\gangbank\node_modules\express\lib\router\index.js:328:13)
    at C:\Users\strat\JSProjects\gangbank\node_modules\express\lib\router\index.js:286:9, undefined
2024-04-28T19:41:01.635Z error: TypeError: logger.info is not a function
    at C:\Users\strat\JSProjects\gangbank\backend\index.js:34:10
    at Layer.handle [as handle_request] (C:\Users\strat\JSProjects\gangbank\node_modules\express\lib\router\layer.js:95:5)
    at trim_prefix (C:\Users\strat\JSProjects\gangbank\node_modules\express\lib\router\index.js:328:13)
    at C:\Users\strat\JSProjects\gangbank\node_modules\express\lib\router\index.js:286:9
    at Function.process_params (C:\Users\strat\JSProjects\gangbank\node_modules\express\lib\router\index.js:346:12)
    at next (C:\Users\strat\JSProjects\gangbank\node_modules\express\lib\router\index.js:280:10)
    at C:\Users\strat\JSProjects\gangbank\backend\index.js:27:3
    at Layer.handle [as handle_request] (C:\Users\strat\JSProjects\gangbank\node_modules\express\lib\router\layer.js:95:5)
    at trim_prefix (C:\Users\strat\JSProjects\gangbank\node_modules\express\lib\router\index.js:328:13)
    at C:\Users\strat\JSProjects\gangbank\node_modules\express\lib\router\index.js:286:9, undefined
2024-04-28T19:41:02.945Z error: TypeError: logger.info is not a function
    at C:\Users\strat\JSProjects\gangbank\backend\index.js:34:10
    at Layer.handle [as handle_request] (C:\Users\strat\JSProjects\gangbank\node_modules\express\lib\router\layer.js:95:5)
    at trim_prefix (C:\Users\strat\JSProjects\gangbank\node_modules\express\lib\router\index.js:328:13)
    at C:\Users\strat\JSProjects\gangbank\node_modules\express\lib\router\index.js:286:9
    at Function.process_params (C:\Users\strat\JSProjects\gangbank\node_modules\express\lib\router\index.js:346:12)
    at next (C:\Users\strat\JSProjects\gangbank\node_modules\express\lib\router\index.js:280:10)
    at C:\Users\strat\JSProjects\gangbank\backend\index.js:27:3
    at Layer.handle [as handle_request] (C:\Users\strat\JSProjects\gangbank\node_modules\express\lib\router\layer.js:95:5)
    at trim_prefix (C:\Users\strat\JSProjects\gangbank\node_modules\express\lib\router\index.js:328:13)
    at C:\Users\strat\JSProjects\gangbank\node_modules\express\lib\router\index.js:286:9, undefined
2024-04-28T19:42:04.007Z error: TypeError: logger.info is not a function
    at C:\Users\strat\JSProjects\gangbank\backend\index.js:34:10
    at Layer.handle [as handle_request] (C:\Users\strat\JSProjects\gangbank\node_modules\express\lib\router\layer.js:95:5)
    at trim_prefix (C:\Users\strat\JSProjects\gangbank\node_modules\express\lib\router\index.js:328:13)
    at C:\Users\strat\JSProjects\gangbank\node_modules\express\lib\router\index.js:286:9
    at Function.process_params (C:\Users\strat\JSProjects\gangbank\node_modules\express\lib\router\index.js:346:12)
    at next (C:\Users\strat\JSProjects\gangbank\node_modules\express\lib\router\index.js:280:10)
    at C:\Users\strat\JSProjects\gangbank\backend\index.js:27:3
    at Layer.handle [as handle_request] (C:\Users\strat\JSProjects\gangbank\node_modules\express\lib\router\layer.js:95:5)
    at trim_prefix (C:\Users\strat\JSProjects\gangbank\node_modules\express\lib\router\index.js:328:13)
    at C:\Users\strat\JSProjects\gangbank\node_modules\express\lib\router\index.js:286:9, undefined
2024-04-28T19:45:39.631Z error: TypeError: logger.info is not a function
    at C:\Users\strat\JSProjects\gangbank\backend\index.js:34:10
    at Layer.handle [as handle_request] (C:\Users\strat\JSProjects\gangbank\node_modules\express\lib\router\layer.js:95:5)
    at trim_prefix (C:\Users\strat\JSProjects\gangbank\node_modules\express\lib\router\index.js:328:13)
    at C:\Users\strat\JSProjects\gangbank\node_modules\express\lib\router\index.js:286:9
    at Function.process_params (C:\Users\strat\JSProjects\gangbank\node_modules\express\lib\router\index.js:346:12)
    at next (C:\Users\strat\JSProjects\gangbank\node_modules\express\lib\router\index.js:280:10)
    at C:\Users\strat\JSProjects\gangbank\backend\index.js:27:3
    at Layer.handle [as handle_request] (C:\Users\strat\JSProjects\gangbank\node_modules\express\lib\router\layer.js:95:5)
    at trim_prefix (C:\Users\strat\JSProjects\gangbank\node_modules\express\lib\router\index.js:328:13)
    at C:\Users\strat\JSProjects\gangbank\node_modules\express\lib\router\index.js:286:9, undefined
2024-04-28T19:46:09.606Z error: TypeError: logger.info is not a function
    at C:\Users\strat\JSProjects\gangbank\backend\index.js:34:10
    at Layer.handle [as handle_request] (C:\Users\strat\JSProjects\gangbank\node_modules\express\lib\router\layer.js:95:5)
    at trim_prefix (C:\Users\strat\JSProjects\gangbank\node_modules\express\lib\router\index.js:328:13)
    at C:\Users\strat\JSProjects\gangbank\node_modules\express\lib\router\index.js:286:9
    at Function.process_params (C:\Users\strat\JSProjects\gangbank\node_modules\express\lib\router\index.js:346:12)
    at next (C:\Users\strat\JSProjects\gangbank\node_modules\express\lib\router\index.js:280:10)
    at C:\Users\strat\JSProjects\gangbank\backend\index.js:27:3
    at Layer.handle [as handle_request] (C:\Users\strat\JSProjects\gangbank\node_modules\express\lib\router\layer.js:95:5)
    at trim_prefix (C:\Users\strat\JSProjects\gangbank\node_modules\express\lib\router\index.js:328:13)
    at C:\Users\strat\JSProjects\gangbank\node_modules\express\lib\router\index.js:286:9, undefined
2024-04-28T19:53:33.773Z error: TypeError: logger.info is not a function
    at C:\Users\strat\JSProjects\gangbank\backend\index.js:34:10
    at Layer.handle [as handle_request] (C:\Users\strat\JSProjects\gangbank\node_modules\express\lib\router\layer.js:95:5)
    at trim_prefix (C:\Users\strat\JSProjects\gangbank\node_modules\express\lib\router\index.js:328:13)
    at C:\Users\strat\JSProjects\gangbank\node_modules\express\lib\router\index.js:286:9
    at Function.process_params (C:\Users\strat\JSProjects\gangbank\node_modules\express\lib\router\index.js:346:12)
    at next (C:\Users\strat\JSProjects\gangbank\node_modules\express\lib\router\index.js:280:10)
    at C:\Users\strat\JSProjects\gangbank\backend\index.js:27:3
    at Layer.handle [as handle_request] (C:\Users\strat\JSProjects\gangbank\node_modules\express\lib\router\layer.js:95:5)
    at trim_prefix (C:\Users\strat\JSProjects\gangbank\node_modules\express\lib\router\index.js:328:13)
    at C:\Users\strat\JSProjects\gangbank\node_modules\express\lib\router\index.js:286:9, undefined
2024-04-28T19:54:05.116Z error: TypeError: logger.info is not a function
    at C:\Users\strat\JSProjects\gangbank\backend\index.js:34:10
    at Layer.handle [as handle_request] (C:\Users\strat\JSProjects\gangbank\node_modules\express\lib\router\layer.js:95:5)
    at trim_prefix (C:\Users\strat\JSProjects\gangbank\node_modules\express\lib\router\index.js:328:13)
    at C:\Users\strat\JSProjects\gangbank\node_modules\express\lib\router\index.js:286:9
    at Function.process_params (C:\Users\strat\JSProjects\gangbank\node_modules\express\lib\router\index.js:346:12)
    at next (C:\Users\strat\JSProjects\gangbank\node_modules\express\lib\router\index.js:280:10)
    at C:\Users\strat\JSProjects\gangbank\backend\index.js:27:3
    at Layer.handle [as handle_request] (C:\Users\strat\JSProjects\gangbank\node_modules\express\lib\router\layer.js:95:5)
    at trim_prefix (C:\Users\strat\JSProjects\gangbank\node_modules\express\lib\router\index.js:328:13)
    at C:\Users\strat\JSProjects\gangbank\node_modules\express\lib\router\index.js:286:9, undefined
2024-04-28T19:54:17.434Z error: TypeError: logger.info is not a function
    at C:\Users\strat\JSProjects\gangbank\backend\index.js:34:10
    at Layer.handle [as handle_request] (C:\Users\strat\JSProjects\gangbank\node_modules\express\lib\router\layer.js:95:5)
    at trim_prefix (C:\Users\strat\JSProjects\gangbank\node_modules\express\lib\router\index.js:328:13)
    at C:\Users\strat\JSProjects\gangbank\node_modules\express\lib\router\index.js:286:9
    at Function.process_params (C:\Users\strat\JSProjects\gangbank\node_modules\express\lib\router\index.js:346:12)
    at next (C:\Users\strat\JSProjects\gangbank\node_modules\express\lib\router\index.js:280:10)
    at C:\Users\strat\JSProjects\gangbank\backend\index.js:27:3
    at Layer.handle [as handle_request] (C:\Users\strat\JSProjects\gangbank\node_modules\express\lib\router\layer.js:95:5)
    at trim_prefix (C:\Users\strat\JSProjects\gangbank\node_modules\express\lib\router\index.js:328:13)
    at C:\Users\strat\JSProjects\gangbank\node_modules\express\lib\router\index.js:286:9, undefined
2024-04-28T20:29:29.366Z error: TypeError: logger.info is not a function
    at C:\Users\strat\JSProjects\gangbank\backend\index.js:34:10
    at Layer.handle [as handle_request] (C:\Users\strat\JSProjects\gangbank\node_modules\express\lib\router\layer.js:95:5)
    at trim_prefix (C:\Users\strat\JSProjects\gangbank\node_modules\express\lib\router\index.js:328:13)
    at C:\Users\strat\JSProjects\gangbank\node_modules\express\lib\router\index.js:286:9
    at Function.process_params (C:\Users\strat\JSProjects\gangbank\node_modules\express\lib\router\index.js:346:12)
    at next (C:\Users\strat\JSProjects\gangbank\node_modules\express\lib\router\index.js:280:10)
    at C:\Users\strat\JSProjects\gangbank\backend\index.js:27:3
    at Layer.handle [as handle_request] (C:\Users\strat\JSProjects\gangbank\node_modules\express\lib\router\layer.js:95:5)
    at trim_prefix (C:\Users\strat\JSProjects\gangbank\node_modules\express\lib\router\index.js:328:13)
    at C:\Users\strat\JSProjects\gangbank\node_modules\express\lib\router\index.js:286:9, undefined
2024-04-28T20:32:24.482Z error: TypeError: logger.info is not a function
    at C:\Users\strat\JSProjects\gangbank\backend\index.js:34:10
    at Layer.handle [as handle_request] (C:\Users\strat\JSProjects\gangbank\node_modules\express\lib\router\layer.js:95:5)
    at trim_prefix (C:\Users\strat\JSProjects\gangbank\node_modules\express\lib\router\index.js:328:13)
    at C:\Users\strat\JSProjects\gangbank\node_modules\express\lib\router\index.js:286:9
    at Function.process_params (C:\Users\strat\JSProjects\gangbank\node_modules\express\lib\router\index.js:346:12)
    at next (C:\Users\strat\JSProjects\gangbank\node_modules\express\lib\router\index.js:280:10)
    at C:\Users\strat\JSProjects\gangbank\backend\index.js:27:3
    at Layer.handle [as handle_request] (C:\Users\strat\JSProjects\gangbank\node_modules\express\lib\router\layer.js:95:5)
    at trim_prefix (C:\Users\strat\JSProjects\gangbank\node_modules\express\lib\router\index.js:328:13)
    at C:\Users\strat\JSProjects\gangbank\node_modules\express\lib\router\index.js:286:9, undefined
2024-04-28T20:48:56.253Z error: TypeError: logger.info is not a function
    at C:\Users\strat\JSProjects\gangbank\backend\index.js:34:10
    at Layer.handle [as handle_request] (C:\Users\strat\JSProjects\gangbank\node_modules\express\lib\router\layer.js:95:5)
    at trim_prefix (C:\Users\strat\JSProjects\gangbank\node_modules\express\lib\router\index.js:328:13)
    at C:\Users\strat\JSProjects\gangbank\node_modules\express\lib\router\index.js:286:9
    at Function.process_params (C:\Users\strat\JSProjects\gangbank\node_modules\express\lib\router\index.js:346:12)
    at next (C:\Users\strat\JSProjects\gangbank\node_modules\express\lib\router\index.js:280:10)
    at C:\Users\strat\JSProjects\gangbank\backend\index.js:27:3
    at Layer.handle [as handle_request] (C:\Users\strat\JSProjects\gangbank\node_modules\express\lib\router\layer.js:95:5)
    at trim_prefix (C:\Users\strat\JSProjects\gangbank\node_modules\express\lib\router\index.js:328:13)
    at C:\Users\strat\JSProjects\gangbank\node_modules\express\lib\router\index.js:286:9, undefined
2024-04-28T20:49:03.327Z error: TypeError: logger.info is not a function
    at C:\Users\strat\JSProjects\gangbank\backend\index.js:34:10
    at Layer.handle [as handle_request] (C:\Users\strat\JSProjects\gangbank\node_modules\express\lib\router\layer.js:95:5)
    at trim_prefix (C:\Users\strat\JSProjects\gangbank\node_modules\express\lib\router\index.js:328:13)
    at C:\Users\strat\JSProjects\gangbank\node_modules\express\lib\router\index.js:286:9
    at Function.process_params (C:\Users\strat\JSProjects\gangbank\node_modules\express\lib\router\index.js:346:12)
    at next (C:\Users\strat\JSProjects\gangbank\node_modules\express\lib\router\index.js:280:10)
    at C:\Users\strat\JSProjects\gangbank\backend\index.js:27:3
    at Layer.handle [as handle_request] (C:\Users\strat\JSProjects\gangbank\node_modules\express\lib\router\layer.js:95:5)
    at trim_prefix (C:\Users\strat\JSProjects\gangbank\node_modules\express\lib\router\index.js:328:13)
    at C:\Users\strat\JSProjects\gangbank\node_modules\express\lib\router\index.js:286:9, undefined
2024-04-28T20:49:21.008Z error: TypeError: logger.info is not a function
    at C:\Users\strat\JSProjects\gangbank\backend\index.js:34:10
    at Layer.handle [as handle_request] (C:\Users\strat\JSProjects\gangbank\node_modules\express\lib\router\layer.js:95:5)
    at trim_prefix (C:\Users\strat\JSProjects\gangbank\node_modules\express\lib\router\index.js:328:13)
    at C:\Users\strat\JSProjects\gangbank\node_modules\express\lib\router\index.js:286:9
    at Function.process_params (C:\Users\strat\JSProjects\gangbank\node_modules\express\lib\router\index.js:346:12)
    at next (C:\Users\strat\JSProjects\gangbank\node_modules\express\lib\router\index.js:280:10)
    at C:\Users\strat\JSProjects\gangbank\backend\index.js:27:3
    at Layer.handle [as handle_request] (C:\Users\strat\JSProjects\gangbank\node_modules\express\lib\router\layer.js:95:5)
    at trim_prefix (C:\Users\strat\JSProjects\gangbank\node_modules\express\lib\router\index.js:328:13)
    at C:\Users\strat\JSProjects\gangbank\node_modules\express\lib\router\index.js:286:9, undefined
2024-04-28T21:16:08.557Z error: TypeError: logger.info is not a function
    at C:\Users\strat\JSProjects\gangbank\backend\index.js:34:10
    at Layer.handle [as handle_request] (C:\Users\strat\JSProjects\gangbank\node_modules\express\lib\router\layer.js:95:5)
    at trim_prefix (C:\Users\strat\JSProjects\gangbank\node_modules\express\lib\router\index.js:328:13)
    at C:\Users\strat\JSProjects\gangbank\node_modules\express\lib\router\index.js:286:9
    at Function.process_params (C:\Users\strat\JSProjects\gangbank\node_modules\express\lib\router\index.js:346:12)
    at next (C:\Users\strat\JSProjects\gangbank\node_modules\express\lib\router\index.js:280:10)
    at C:\Users\strat\JSProjects\gangbank\backend\index.js:27:3
    at Layer.handle [as handle_request] (C:\Users\strat\JSProjects\gangbank\node_modules\express\lib\router\layer.js:95:5)
    at trim_prefix (C:\Users\strat\JSProjects\gangbank\node_modules\express\lib\router\index.js:328:13)
    at C:\Users\strat\JSProjects\gangbank\node_modules\express\lib\router\index.js:286:9, undefined
2024-04-28T21:16:14.108Z error: TypeError: logger.info is not a function
    at C:\Users\strat\JSProjects\gangbank\backend\index.js:34:10
    at Layer.handle [as handle_request] (C:\Users\strat\JSProjects\gangbank\node_modules\express\lib\router\layer.js:95:5)
    at trim_prefix (C:\Users\strat\JSProjects\gangbank\node_modules\express\lib\router\index.js:328:13)
    at C:\Users\strat\JSProjects\gangbank\node_modules\express\lib\router\index.js:286:9
    at Function.process_params (C:\Users\strat\JSProjects\gangbank\node_modules\express\lib\router\index.js:346:12)
    at next (C:\Users\strat\JSProjects\gangbank\node_modules\express\lib\router\index.js:280:10)
    at C:\Users\strat\JSProjects\gangbank\backend\index.js:27:3
    at Layer.handle [as handle_request] (C:\Users\strat\JSProjects\gangbank\node_modules\express\lib\router\layer.js:95:5)
    at trim_prefix (C:\Users\strat\JSProjects\gangbank\node_modules\express\lib\router\index.js:328:13)
    at C:\Users\strat\JSProjects\gangbank\node_modules\express\lib\router\index.js:286:9, undefined
2024-04-28T21:18:46.437Z error: TypeError: logger.info is not a function
    at C:\Users\strat\JSProjects\gangbank\backend\index.js:34:10
    at Layer.handle [as handle_request] (C:\Users\strat\JSProjects\gangbank\node_modules\express\lib\router\layer.js:95:5)
    at trim_prefix (C:\Users\strat\JSProjects\gangbank\node_modules\express\lib\router\index.js:328:13)
    at C:\Users\strat\JSProjects\gangbank\node_modules\express\lib\router\index.js:286:9
    at Function.process_params (C:\Users\strat\JSProjects\gangbank\node_modules\express\lib\router\index.js:346:12)
    at next (C:\Users\strat\JSProjects\gangbank\node_modules\express\lib\router\index.js:280:10)
    at C:\Users\strat\JSProjects\gangbank\backend\index.js:27:3
    at Layer.handle [as handle_request] (C:\Users\strat\JSProjects\gangbank\node_modules\express\lib\router\layer.js:95:5)
    at trim_prefix (C:\Users\strat\JSProjects\gangbank\node_modules\express\lib\router\index.js:328:13)
    at C:\Users\strat\JSProjects\gangbank\node_modules\express\lib\router\index.js:286:9, undefined
2024-04-28T21:18:52.290Z error: TypeError: logger.info is not a function
    at C:\Users\strat\JSProjects\gangbank\backend\index.js:34:10
    at Layer.handle [as handle_request] (C:\Users\strat\JSProjects\gangbank\node_modules\express\lib\router\layer.js:95:5)
    at trim_prefix (C:\Users\strat\JSProjects\gangbank\node_modules\express\lib\router\index.js:328:13)
    at C:\Users\strat\JSProjects\gangbank\node_modules\express\lib\router\index.js:286:9
    at Function.process_params (C:\Users\strat\JSProjects\gangbank\node_modules\express\lib\router\index.js:346:12)
    at next (C:\Users\strat\JSProjects\gangbank\node_modules\express\lib\router\index.js:280:10)
    at C:\Users\strat\JSProjects\gangbank\backend\index.js:27:3
    at Layer.handle [as handle_request] (C:\Users\strat\JSProjects\gangbank\node_modules\express\lib\router\layer.js:95:5)
    at trim_prefix (C:\Users\strat\JSProjects\gangbank\node_modules\express\lib\router\index.js:328:13)
    at C:\Users\strat\JSProjects\gangbank\node_modules\express\lib\router\index.js:286:9, undefined
2024-04-28T21:20:44.610Z error: TypeError: logger.info is not a function
    at C:\Users\strat\JSProjects\gangbank\backend\index.js:34:10
    at Layer.handle [as handle_request] (C:\Users\strat\JSProjects\gangbank\node_modules\express\lib\router\layer.js:95:5)
    at trim_prefix (C:\Users\strat\JSProjects\gangbank\node_modules\express\lib\router\index.js:328:13)
    at C:\Users\strat\JSProjects\gangbank\node_modules\express\lib\router\index.js:286:9
    at Function.process_params (C:\Users\strat\JSProjects\gangbank\node_modules\express\lib\router\index.js:346:12)
    at next (C:\Users\strat\JSProjects\gangbank\node_modules\express\lib\router\index.js:280:10)
    at C:\Users\strat\JSProjects\gangbank\backend\index.js:27:3
    at Layer.handle [as handle_request] (C:\Users\strat\JSProjects\gangbank\node_modules\express\lib\router\layer.js:95:5)
    at trim_prefix (C:\Users\strat\JSProjects\gangbank\node_modules\express\lib\router\index.js:328:13)
    at C:\Users\strat\JSProjects\gangbank\node_modules\express\lib\router\index.js:286:9, undefined
2024-04-28T21:30:43.269Z error: TypeError: logger.info is not a function
    at C:\Users\strat\JSProjects\gangbank\backend\index.js:34:10
    at Layer.handle [as handle_request] (C:\Users\strat\JSProjects\gangbank\node_modules\express\lib\router\layer.js:95:5)
    at trim_prefix (C:\Users\strat\JSProjects\gangbank\node_modules\express\lib\router\index.js:328:13)
    at C:\Users\strat\JSProjects\gangbank\node_modules\express\lib\router\index.js:286:9
    at Function.process_params (C:\Users\strat\JSProjects\gangbank\node_modules\express\lib\router\index.js:346:12)
    at next (C:\Users\strat\JSProjects\gangbank\node_modules\express\lib\router\index.js:280:10)
    at C:\Users\strat\JSProjects\gangbank\backend\index.js:27:3
    at Layer.handle [as handle_request] (C:\Users\strat\JSProjects\gangbank\node_modules\express\lib\router\layer.js:95:5)
    at trim_prefix (C:\Users\strat\JSProjects\gangbank\node_modules\express\lib\router\index.js:328:13)
    at C:\Users\strat\JSProjects\gangbank\node_modules\express\lib\router\index.js:286:9, undefined
2024-04-28T21:30:57.822Z error: TypeError: logger.info is not a function
    at C:\Users\strat\JSProjects\gangbank\backend\index.js:34:10
    at Layer.handle [as handle_request] (C:\Users\strat\JSProjects\gangbank\node_modules\express\lib\router\layer.js:95:5)
    at trim_prefix (C:\Users\strat\JSProjects\gangbank\node_modules\express\lib\router\index.js:328:13)
    at C:\Users\strat\JSProjects\gangbank\node_modules\express\lib\router\index.js:286:9
    at Function.process_params (C:\Users\strat\JSProjects\gangbank\node_modules\express\lib\router\index.js:346:12)
    at next (C:\Users\strat\JSProjects\gangbank\node_modules\express\lib\router\index.js:280:10)
    at C:\Users\strat\JSProjects\gangbank\backend\index.js:27:3
    at Layer.handle [as handle_request] (C:\Users\strat\JSProjects\gangbank\node_modules\express\lib\router\layer.js:95:5)
    at trim_prefix (C:\Users\strat\JSProjects\gangbank\node_modules\express\lib\router\index.js:328:13)
    at C:\Users\strat\JSProjects\gangbank\node_modules\express\lib\router\index.js:286:9, undefined
2024-04-28T21:31:01.264Z error: TypeError: logger.info is not a function
    at C:\Users\strat\JSProjects\gangbank\backend\index.js:34:10
    at Layer.handle [as handle_request] (C:\Users\strat\JSProjects\gangbank\node_modules\express\lib\router\layer.js:95:5)
    at trim_prefix (C:\Users\strat\JSProjects\gangbank\node_modules\express\lib\router\index.js:328:13)
    at C:\Users\strat\JSProjects\gangbank\node_modules\express\lib\router\index.js:286:9
    at Function.process_params (C:\Users\strat\JSProjects\gangbank\node_modules\express\lib\router\index.js:346:12)
    at next (C:\Users\strat\JSProjects\gangbank\node_modules\express\lib\router\index.js:280:10)
    at C:\Users\strat\JSProjects\gangbank\backend\index.js:27:3
    at Layer.handle [as handle_request] (C:\Users\strat\JSProjects\gangbank\node_modules\express\lib\router\layer.js:95:5)
    at trim_prefix (C:\Users\strat\JSProjects\gangbank\node_modules\express\lib\router\index.js:328:13)
    at C:\Users\strat\JSProjects\gangbank\node_modules\express\lib\router\index.js:286:9, undefined
2024-04-28T21:31:02.008Z error: TypeError: logger.info is not a function
    at C:\Users\strat\JSProjects\gangbank\backend\index.js:34:10
    at Layer.handle [as handle_request] (C:\Users\strat\JSProjects\gangbank\node_modules\express\lib\router\layer.js:95:5)
    at trim_prefix (C:\Users\strat\JSProjects\gangbank\node_modules\express\lib\router\index.js:328:13)
    at C:\Users\strat\JSProjects\gangbank\node_modules\express\lib\router\index.js:286:9
    at Function.process_params (C:\Users\strat\JSProjects\gangbank\node_modules\express\lib\router\index.js:346:12)
    at next (C:\Users\strat\JSProjects\gangbank\node_modules\express\lib\router\index.js:280:10)
    at C:\Users\strat\JSProjects\gangbank\backend\index.js:27:3
    at Layer.handle [as handle_request] (C:\Users\strat\JSProjects\gangbank\node_modules\express\lib\router\layer.js:95:5)
    at trim_prefix (C:\Users\strat\JSProjects\gangbank\node_modules\express\lib\router\index.js:328:13)
    at C:\Users\strat\JSProjects\gangbank\node_modules\express\lib\router\index.js:286:9, undefined
2024-04-28T21:31:02.519Z error: TypeError: logger.info is not a function
    at C:\Users\strat\JSProjects\gangbank\backend\index.js:34:10
    at Layer.handle [as handle_request] (C:\Users\strat\JSProjects\gangbank\node_modules\express\lib\router\layer.js:95:5)
    at trim_prefix (C:\Users\strat\JSProjects\gangbank\node_modules\express\lib\router\index.js:328:13)
    at C:\Users\strat\JSProjects\gangbank\node_modules\express\lib\router\index.js:286:9
    at Function.process_params (C:\Users\strat\JSProjects\gangbank\node_modules\express\lib\router\index.js:346:12)
    at next (C:\Users\strat\JSProjects\gangbank\node_modules\express\lib\router\index.js:280:10)
    at C:\Users\strat\JSProjects\gangbank\backend\index.js:27:3
    at Layer.handle [as handle_request] (C:\Users\strat\JSProjects\gangbank\node_modules\express\lib\router\layer.js:95:5)
    at trim_prefix (C:\Users\strat\JSProjects\gangbank\node_modules\express\lib\router\index.js:328:13)
    at C:\Users\strat\JSProjects\gangbank\node_modules\express\lib\router\index.js:286:9, undefined
2024-04-28T21:31:45.265Z error: TypeError: logger.info is not a function
    at C:\Users\strat\JSProjects\gangbank\backend\index.js:34:10
    at Layer.handle [as handle_request] (C:\Users\strat\JSProjects\gangbank\node_modules\express\lib\router\layer.js:95:5)
    at trim_prefix (C:\Users\strat\JSProjects\gangbank\node_modules\express\lib\router\index.js:328:13)
    at C:\Users\strat\JSProjects\gangbank\node_modules\express\lib\router\index.js:286:9
    at Function.process_params (C:\Users\strat\JSProjects\gangbank\node_modules\express\lib\router\index.js:346:12)
    at next (C:\Users\strat\JSProjects\gangbank\node_modules\express\lib\router\index.js:280:10)
    at C:\Users\strat\JSProjects\gangbank\backend\index.js:27:3
    at Layer.handle [as handle_request] (C:\Users\strat\JSProjects\gangbank\node_modules\express\lib\router\layer.js:95:5)
    at trim_prefix (C:\Users\strat\JSProjects\gangbank\node_modules\express\lib\router\index.js:328:13)
    at C:\Users\strat\JSProjects\gangbank\node_modules\express\lib\router\index.js:286:9, undefined
2024-04-28T21:31:52.338Z error: TypeError: logger.info is not a function
    at C:\Users\strat\JSProjects\gangbank\backend\index.js:34:10
    at Layer.handle [as handle_request] (C:\Users\strat\JSProjects\gangbank\node_modules\express\lib\router\layer.js:95:5)
    at trim_prefix (C:\Users\strat\JSProjects\gangbank\node_modules\express\lib\router\index.js:328:13)
    at C:\Users\strat\JSProjects\gangbank\node_modules\express\lib\router\index.js:286:9
    at Function.process_params (C:\Users\strat\JSProjects\gangbank\node_modules\express\lib\router\index.js:346:12)
    at next (C:\Users\strat\JSProjects\gangbank\node_modules\express\lib\router\index.js:280:10)
    at C:\Users\strat\JSProjects\gangbank\backend\index.js:27:3
    at Layer.handle [as handle_request] (C:\Users\strat\JSProjects\gangbank\node_modules\express\lib\router\layer.js:95:5)
    at trim_prefix (C:\Users\strat\JSProjects\gangbank\node_modules\express\lib\router\index.js:328:13)
    at C:\Users\strat\JSProjects\gangbank\node_modules\express\lib\router\index.js:286:9, undefined
2024-04-28T21:31:59.062Z error: TypeError: logger.info is not a function
    at C:\Users\strat\JSProjects\gangbank\backend\index.js:34:10
    at Layer.handle [as handle_request] (C:\Users\strat\JSProjects\gangbank\node_modules\express\lib\router\layer.js:95:5)
    at trim_prefix (C:\Users\strat\JSProjects\gangbank\node_modules\express\lib\router\index.js:328:13)
    at C:\Users\strat\JSProjects\gangbank\node_modules\express\lib\router\index.js:286:9
    at Function.process_params (C:\Users\strat\JSProjects\gangbank\node_modules\express\lib\router\index.js:346:12)
    at next (C:\Users\strat\JSProjects\gangbank\node_modules\express\lib\router\index.js:280:10)
    at C:\Users\strat\JSProjects\gangbank\backend\index.js:27:3
    at Layer.handle [as handle_request] (C:\Users\strat\JSProjects\gangbank\node_modules\express\lib\router\layer.js:95:5)
    at trim_prefix (C:\Users\strat\JSProjects\gangbank\node_modules\express\lib\router\index.js:328:13)
    at C:\Users\strat\JSProjects\gangbank\node_modules\express\lib\router\index.js:286:9, undefined
2024-04-28T21:35:16.427Z error: TypeError: logger.info is not a function
    at C:\Users\strat\JSProjects\gangbank\backend\index.js:34:10
    at Layer.handle [as handle_request] (C:\Users\strat\JSProjects\gangbank\node_modules\express\lib\router\layer.js:95:5)
    at trim_prefix (C:\Users\strat\JSProjects\gangbank\node_modules\express\lib\router\index.js:328:13)
    at C:\Users\strat\JSProjects\gangbank\node_modules\express\lib\router\index.js:286:9
    at Function.process_params (C:\Users\strat\JSProjects\gangbank\node_modules\express\lib\router\index.js:346:12)
    at next (C:\Users\strat\JSProjects\gangbank\node_modules\express\lib\router\index.js:280:10)
    at C:\Users\strat\JSProjects\gangbank\backend\index.js:27:3
    at Layer.handle [as handle_request] (C:\Users\strat\JSProjects\gangbank\node_modules\express\lib\router\layer.js:95:5)
    at trim_prefix (C:\Users\strat\JSProjects\gangbank\node_modules\express\lib\router\index.js:328:13)
    at C:\Users\strat\JSProjects\gangbank\node_modules\express\lib\router\index.js:286:9, undefined
2024-04-28T21:35:22.057Z error: TypeError: logger.info is not a function
    at C:\Users\strat\JSProjects\gangbank\backend\index.js:34:10
    at Layer.handle [as handle_request] (C:\Users\strat\JSProjects\gangbank\node_modules\express\lib\router\layer.js:95:5)
    at trim_prefix (C:\Users\strat\JSProjects\gangbank\node_modules\express\lib\router\index.js:328:13)
    at C:\Users\strat\JSProjects\gangbank\node_modules\express\lib\router\index.js:286:9
    at Function.process_params (C:\Users\strat\JSProjects\gangbank\node_modules\express\lib\router\index.js:346:12)
    at next (C:\Users\strat\JSProjects\gangbank\node_modules\express\lib\router\index.js:280:10)
    at C:\Users\strat\JSProjects\gangbank\backend\index.js:27:3
    at Layer.handle [as handle_request] (C:\Users\strat\JSProjects\gangbank\node_modules\express\lib\router\layer.js:95:5)
    at trim_prefix (C:\Users\strat\JSProjects\gangbank\node_modules\express\lib\router\index.js:328:13)
    at C:\Users\strat\JSProjects\gangbank\node_modules\express\lib\router\index.js:286:9, undefined
2024-04-28T21:37:19.308Z error: TypeError: logger.info is not a function
    at C:\Users\strat\JSProjects\gangbank\backend\index.js:34:10
    at Layer.handle [as handle_request] (C:\Users\strat\JSProjects\gangbank\node_modules\express\lib\router\layer.js:95:5)
    at trim_prefix (C:\Users\strat\JSProjects\gangbank\node_modules\express\lib\router\index.js:328:13)
    at C:\Users\strat\JSProjects\gangbank\node_modules\express\lib\router\index.js:286:9
    at Function.process_params (C:\Users\strat\JSProjects\gangbank\node_modules\express\lib\router\index.js:346:12)
    at next (C:\Users\strat\JSProjects\gangbank\node_modules\express\lib\router\index.js:280:10)
    at C:\Users\strat\JSProjects\gangbank\backend\index.js:27:3
    at Layer.handle [as handle_request] (C:\Users\strat\JSProjects\gangbank\node_modules\express\lib\router\layer.js:95:5)
    at trim_prefix (C:\Users\strat\JSProjects\gangbank\node_modules\express\lib\router\index.js:328:13)
    at C:\Users\strat\JSProjects\gangbank\node_modules\express\lib\router\index.js:286:9, undefined
2024-04-28T21:37:39.468Z error: TypeError: logger.info is not a function
    at C:\Users\strat\JSProjects\gangbank\backend\index.js:34:10
    at Layer.handle [as handle_request] (C:\Users\strat\JSProjects\gangbank\node_modules\express\lib\router\layer.js:95:5)
    at trim_prefix (C:\Users\strat\JSProjects\gangbank\node_modules\express\lib\router\index.js:328:13)
    at C:\Users\strat\JSProjects\gangbank\node_modules\express\lib\router\index.js:286:9
    at Function.process_params (C:\Users\strat\JSProjects\gangbank\node_modules\express\lib\router\index.js:346:12)
    at next (C:\Users\strat\JSProjects\gangbank\node_modules\express\lib\router\index.js:280:10)
    at C:\Users\strat\JSProjects\gangbank\backend\index.js:27:3
    at Layer.handle [as handle_request] (C:\Users\strat\JSProjects\gangbank\node_modules\express\lib\router\layer.js:95:5)
    at trim_prefix (C:\Users\strat\JSProjects\gangbank\node_modules\express\lib\router\index.js:328:13)
    at C:\Users\strat\JSProjects\gangbank\node_modules\express\lib\router\index.js:286:9, undefined
2024-04-28T21:37:49.356Z error: TypeError: logger.info is not a function
    at C:\Users\strat\JSProjects\gangbank\backend\index.js:34:10
    at Layer.handle [as handle_request] (C:\Users\strat\JSProjects\gangbank\node_modules\express\lib\router\layer.js:95:5)
    at trim_prefix (C:\Users\strat\JSProjects\gangbank\node_modules\express\lib\router\index.js:328:13)
    at C:\Users\strat\JSProjects\gangbank\node_modules\express\lib\router\index.js:286:9
    at Function.process_params (C:\Users\strat\JSProjects\gangbank\node_modules\express\lib\router\index.js:346:12)
    at next (C:\Users\strat\JSProjects\gangbank\node_modules\express\lib\router\index.js:280:10)
    at C:\Users\strat\JSProjects\gangbank\backend\index.js:27:3
    at Layer.handle [as handle_request] (C:\Users\strat\JSProjects\gangbank\node_modules\express\lib\router\layer.js:95:5)
    at trim_prefix (C:\Users\strat\JSProjects\gangbank\node_modules\express\lib\router\index.js:328:13)
    at C:\Users\strat\JSProjects\gangbank\node_modules\express\lib\router\index.js:286:9, undefined
2024-04-28T21:38:12.428Z error: TypeError: logger.info is not a function
    at C:\Users\strat\JSProjects\gangbank\backend\index.js:34:10
    at Layer.handle [as handle_request] (C:\Users\strat\JSProjects\gangbank\node_modules\express\lib\router\layer.js:95:5)
    at trim_prefix (C:\Users\strat\JSProjects\gangbank\node_modules\express\lib\router\index.js:328:13)
    at C:\Users\strat\JSProjects\gangbank\node_modules\express\lib\router\index.js:286:9
    at Function.process_params (C:\Users\strat\JSProjects\gangbank\node_modules\express\lib\router\index.js:346:12)
    at next (C:\Users\strat\JSProjects\gangbank\node_modules\express\lib\router\index.js:280:10)
    at C:\Users\strat\JSProjects\gangbank\backend\index.js:27:3
    at Layer.handle [as handle_request] (C:\Users\strat\JSProjects\gangbank\node_modules\express\lib\router\layer.js:95:5)
    at trim_prefix (C:\Users\strat\JSProjects\gangbank\node_modules\express\lib\router\index.js:328:13)
    at C:\Users\strat\JSProjects\gangbank\node_modules\express\lib\router\index.js:286:9, undefined
2024-04-28T21:39:18.109Z error: TypeError: logger.info is not a function
    at C:\Users\strat\JSProjects\gangbank\backend\index.js:34:10
    at Layer.handle [as handle_request] (C:\Users\strat\JSProjects\gangbank\node_modules\express\lib\router\layer.js:95:5)
    at trim_prefix (C:\Users\strat\JSProjects\gangbank\node_modules\express\lib\router\index.js:328:13)
    at C:\Users\strat\JSProjects\gangbank\node_modules\express\lib\router\index.js:286:9
    at Function.process_params (C:\Users\strat\JSProjects\gangbank\node_modules\express\lib\router\index.js:346:12)
    at next (C:\Users\strat\JSProjects\gangbank\node_modules\express\lib\router\index.js:280:10)
    at C:\Users\strat\JSProjects\gangbank\backend\index.js:27:3
    at Layer.handle [as handle_request] (C:\Users\strat\JSProjects\gangbank\node_modules\express\lib\router\layer.js:95:5)
    at trim_prefix (C:\Users\strat\JSProjects\gangbank\node_modules\express\lib\router\index.js:328:13)
    at C:\Users\strat\JSProjects\gangbank\node_modules\express\lib\router\index.js:286:9, undefined
2024-04-28T21:40:42.309Z error: TypeError: logger.info is not a function
    at C:\Users\strat\JSProjects\gangbank\backend\index.js:34:10
    at Layer.handle [as handle_request] (C:\Users\strat\JSProjects\gangbank\node_modules\express\lib\router\layer.js:95:5)
    at trim_prefix (C:\Users\strat\JSProjects\gangbank\node_modules\express\lib\router\index.js:328:13)
    at C:\Users\strat\JSProjects\gangbank\node_modules\express\lib\router\index.js:286:9
    at Function.process_params (C:\Users\strat\JSProjects\gangbank\node_modules\express\lib\router\index.js:346:12)
    at next (C:\Users\strat\JSProjects\gangbank\node_modules\express\lib\router\index.js:280:10)
    at C:\Users\strat\JSProjects\gangbank\backend\index.js:27:3
    at Layer.handle [as handle_request] (C:\Users\strat\JSProjects\gangbank\node_modules\express\lib\router\layer.js:95:5)
    at trim_prefix (C:\Users\strat\JSProjects\gangbank\node_modules\express\lib\router\index.js:328:13)
    at C:\Users\strat\JSProjects\gangbank\node_modules\express\lib\router\index.js:286:9, undefined
2024-04-28T21:42:54.037Z error: TypeError: logger.info is not a function
    at C:\Users\strat\JSProjects\gangbank\backend\index.js:34:10
    at Layer.handle [as handle_request] (C:\Users\strat\JSProjects\gangbank\node_modules\express\lib\router\layer.js:95:5)
    at trim_prefix (C:\Users\strat\JSProjects\gangbank\node_modules\express\lib\router\index.js:328:13)
    at C:\Users\strat\JSProjects\gangbank\node_modules\express\lib\router\index.js:286:9
    at Function.process_params (C:\Users\strat\JSProjects\gangbank\node_modules\express\lib\router\index.js:346:12)
    at next (C:\Users\strat\JSProjects\gangbank\node_modules\express\lib\router\index.js:280:10)
    at C:\Users\strat\JSProjects\gangbank\backend\index.js:27:3
    at Layer.handle [as handle_request] (C:\Users\strat\JSProjects\gangbank\node_modules\express\lib\router\layer.js:95:5)
    at trim_prefix (C:\Users\strat\JSProjects\gangbank\node_modules\express\lib\router\index.js:328:13)
    at C:\Users\strat\JSProjects\gangbank\node_modules\express\lib\router\index.js:286:9, undefined
2024-04-28T22:04:48.886Z error: TypeError: logger.info is not a function
    at C:\Users\strat\JSProjects\gangbank\backend\index.js:34:10
    at Layer.handle [as handle_request] (C:\Users\strat\JSProjects\gangbank\node_modules\express\lib\router\layer.js:95:5)
    at trim_prefix (C:\Users\strat\JSProjects\gangbank\node_modules\express\lib\router\index.js:328:13)
    at C:\Users\strat\JSProjects\gangbank\node_modules\express\lib\router\index.js:286:9
    at Function.process_params (C:\Users\strat\JSProjects\gangbank\node_modules\express\lib\router\index.js:346:12)
    at next (C:\Users\strat\JSProjects\gangbank\node_modules\express\lib\router\index.js:280:10)
    at C:\Users\strat\JSProjects\gangbank\backend\index.js:27:3
    at Layer.handle [as handle_request] (C:\Users\strat\JSProjects\gangbank\node_modules\express\lib\router\layer.js:95:5)
    at trim_prefix (C:\Users\strat\JSProjects\gangbank\node_modules\express\lib\router\index.js:328:13)
    at C:\Users\strat\JSProjects\gangbank\node_modules\express\lib\router\index.js:286:9, undefined
2024-04-28T22:16:17.153Z error: TypeError: logger.info is not a function
    at C:\Users\strat\JSProjects\gangbank\backend\index.js:34:10
    at Layer.handle [as handle_request] (C:\Users\strat\JSProjects\gangbank\node_modules\express\lib\router\layer.js:95:5)
    at trim_prefix (C:\Users\strat\JSProjects\gangbank\node_modules\express\lib\router\index.js:328:13)
    at C:\Users\strat\JSProjects\gangbank\node_modules\express\lib\router\index.js:286:9
    at Function.process_params (C:\Users\strat\JSProjects\gangbank\node_modules\express\lib\router\index.js:346:12)
    at next (C:\Users\strat\JSProjects\gangbank\node_modules\express\lib\router\index.js:280:10)
    at C:\Users\strat\JSProjects\gangbank\backend\index.js:27:3
    at Layer.handle [as handle_request] (C:\Users\strat\JSProjects\gangbank\node_modules\express\lib\router\layer.js:95:5)
    at trim_prefix (C:\Users\strat\JSProjects\gangbank\node_modules\express\lib\router\index.js:328:13)
    at C:\Users\strat\JSProjects\gangbank\node_modules\express\lib\router\index.js:286:9, undefined
2024-04-28T22:24:09.752Z error: TypeError: logger.info is not a function
    at C:\Users\strat\JSProjects\gangbank\backend\index.js:34:10
    at Layer.handle [as handle_request] (C:\Users\strat\JSProjects\gangbank\node_modules\express\lib\router\layer.js:95:5)
    at trim_prefix (C:\Users\strat\JSProjects\gangbank\node_modules\express\lib\router\index.js:328:13)
    at C:\Users\strat\JSProjects\gangbank\node_modules\express\lib\router\index.js:286:9
    at Function.process_params (C:\Users\strat\JSProjects\gangbank\node_modules\express\lib\router\index.js:346:12)
    at next (C:\Users\strat\JSProjects\gangbank\node_modules\express\lib\router\index.js:280:10)
    at C:\Users\strat\JSProjects\gangbank\backend\index.js:27:3
    at Layer.handle [as handle_request] (C:\Users\strat\JSProjects\gangbank\node_modules\express\lib\router\layer.js:95:5)
    at trim_prefix (C:\Users\strat\JSProjects\gangbank\node_modules\express\lib\router\index.js:328:13)
    at C:\Users\strat\JSProjects\gangbank\node_modules\express\lib\router\index.js:286:9, undefined
2024-04-28T22:24:34.711Z error: TypeError: logger.info is not a function
    at C:\Users\strat\JSProjects\gangbank\backend\index.js:34:10
    at Layer.handle [as handle_request] (C:\Users\strat\JSProjects\gangbank\node_modules\express\lib\router\layer.js:95:5)
    at trim_prefix (C:\Users\strat\JSProjects\gangbank\node_modules\express\lib\router\index.js:328:13)
    at C:\Users\strat\JSProjects\gangbank\node_modules\express\lib\router\index.js:286:9
    at Function.process_params (C:\Users\strat\JSProjects\gangbank\node_modules\express\lib\router\index.js:346:12)
    at next (C:\Users\strat\JSProjects\gangbank\node_modules\express\lib\router\index.js:280:10)
    at C:\Users\strat\JSProjects\gangbank\backend\index.js:27:3
    at Layer.handle [as handle_request] (C:\Users\strat\JSProjects\gangbank\node_modules\express\lib\router\layer.js:95:5)
    at trim_prefix (C:\Users\strat\JSProjects\gangbank\node_modules\express\lib\router\index.js:328:13)
    at C:\Users\strat\JSProjects\gangbank\node_modules\express\lib\router\index.js:286:9, undefined
