2024-03-17T02:18:42.593Z info: Пользователь успешно зарегистрирован, undefined
2024-03-17T02:23:42.451Z info: Пользователь успешно зарегистрирован, undefined
2024-03-17T09:55:57.990Z info: Пользователь успешно зарегистрирован, undefined
2024-03-17T10:10:01.527Z info: Пользователь успешно зарегистрирован, undefined
2024-03-17T10:11:16.343Z info: Пользователь успешно зарегистрирован, undefined
2024-03-17T10:17:29.512Z info: Пользователь успешно зарегистрирован, undefined
2024-03-17T10:24:22.214Z info: Пользователь успешно зарегистрирован, undefined
2024-03-17T10:27:23.220Z info: Пользователь успешно зарегистрирован, undefined
2024-03-17T10:28:34.645Z info: Пользователь успешно зарегистрирован, undefined
2024-03-17T15:51:21.539Z info: Пользователь успешно зарегистрирован, undefined
2024-03-17T15:52:42.637Z info: Пользователь успешно зарегистрирован, undefined
2024-03-17T18:42:46.751Z info: Пользователь успешно зарегистрирован, undefined
2024-03-17T19:23:07.949Z info: Пользователь успешно зарегистрирован, undefined
2024-03-17T19:43:21.993Z info: Пользователь успешно зарегистрирован, undefined
2024-03-17T19:52:38.204Z info: Пользователь успешно зарегистрирован, undefined
2024-03-17T19:57:52.872Z info: Пользователь успешно зарегистрирован, undefined
2024-03-17T20:13:42.069Z info: Пользователь успешно зарегистрирован, undefined
2024-03-17T20:38:31.521Z info: Пользователь успешно зарегистрирован, undefined
2024-03-17T22:03:25.275Z info: Пользователь успешно зарегистрирован, undefined
2024-03-17T23:08:42.562Z info: Пользователь успешно зарегистрирован, undefined
2024-03-17T23:22:07.254Z info: Пользователь успешно зарегистрирован, undefined
2024-03-17T23:37:35.209Z info: Пользователь успешно зарегистрирован, undefined
2024-03-17T23:43:50.134Z info: Пользователь успешно зарегистрирован, undefined
2024-03-17T23:52:43.290Z info: Пользователь успешно зарегистрирован, undefined
2024-03-17T23:59:50.296Z info: Пользователь успешно зарегистрирован, undefined
2024-03-18T00:14:45.483Z info: Пользователь успешно зарегистрирован, undefined
2024-03-18T00:17:18.550Z info: Пользователь успешно зарегистрирован, undefined
2024-03-18T01:16:22.853Z info: Пользователь успешно зарегистрирован, undefined
2024-03-18T01:27:06.617Z info: Пользователь успешно зарегистрирован, undefined
2024-03-18T01:51:27.131Z info: Пользователь успешно зарегистрирован, undefined
2024-03-18T01:55:32.713Z info: Пользователь успешно зарегистрирован, undefined
2024-03-18T02:35:28.724Z info: Пользователь успешно зарегистрирован, undefined
2024-03-18T02:38:51.647Z info: Пользователь успешно зарегистрирован, undefined
2024-03-18T21:24:52.102Z info: Пользователь успешно зарегистрирован, undefined
2024-03-18T21:34:00.150Z info: Пользователь успешно зарегистрирован, undefined
2024-03-19T15:42:22.632Z info: Пользователь успешно зарегистрирован, undefined
2024-03-19T16:01:17.277Z info: Пользователь успешно зарегистрирован, undefined
2024-03-19T16:07:07.730Z info: Пользователь успешно зарегистрирован, undefined
2024-03-19T16:16:35.911Z info: Пользователь успешно зарегистрирован, undefined
2024-03-19T16:20:06.171Z info: Пользователь успешно зарегистрирован, undefined
2024-03-19T16:52:03.487Z info: Пользователь успешно зарегистрирован, undefined
2024-03-19T16:59:10.459Z info: Пользователь успешно зарегистрирован, undefined
2024-03-19T17:02:20.053Z info: Пользователь успешно зарегистрирован, undefined
2024-03-19T17:12:41.894Z info: Пользователь успешно зарегистрирован, undefined
2024-03-19T17:16:51.306Z info: Пользователь успешно зарегистрирован, undefined
2024-03-19T19:04:18.011Z info: Пользователь успешно зарегистрирован, undefined
2024-03-19T19:06:35.509Z info: Пользователь успешно зарегистрирован, undefined
2024-03-19T19:15:22.719Z info: Пользователь успешно зарегистрирован, undefined
2024-03-20T11:15:43.148Z info: Пользователь успешно зарегистрирован, undefined
2024-03-20T12:02:49.136Z info: Пользователь успешно зарегистрирован, undefined
2024-03-20T12:07:34.800Z info: Пользователь успешно зарегистрирован, undefined
2024-03-20T12:13:42.329Z info: Пользователь успешно зарегистрирован, undefined
2024-03-20T12:31:23.006Z info: Пользователь успешно зарегистрирован, undefined
2024-03-20T12:33:23.904Z info: Пользователь успешно зарегистрирован, undefined
2024-03-20T12:38:32.085Z info: Пользователь успешно зарегистрирован, undefined
2024-03-20T12:47:52.067Z info: Пользователь успешно зарегистрирован, undefined
2024-03-20T12:51:32.291Z info: Пользователь успешно зарегистрирован, undefined
2024-03-20T13:02:15.991Z info: Пользователь успешно зарегистрирован, undefined
2024-03-20T13:09:45.300Z info: Пользователь успешно зарегистрирован, undefined
2024-03-20T13:16:25.625Z info: Пользователь успешно зарегистрирован, undefined
2024-03-20T13:20:11.635Z info: Пользователь успешно зарегистрирован, undefined
2024-04-07T22:02:33.138Z info: Пользователь успешно зарегистрирован, undefined
2024-04-18T20:24:24.879Z info: GET /user, undefined
2024-04-18T20:24:35.546Z info: GET /api/user, undefined
2024-04-18T20:24:50.146Z info: GET /user, undefined
2024-04-18T20:24:59.089Z info: GET /api, undefined
2024-04-18T20:28:52.900Z info: GET /api/user:1, undefined
2024-04-18T21:19:51.673Z info: GET /api/user:1, undefined
2024-04-27T19:59:37.291Z info: GET /user/1, undefined
2024-04-27T20:03:36.287Z info: GET /user/1, undefined
2024-04-27T20:03:55.010Z info: GET /user/1, undefined
2024-04-27T20:18:59.895Z info: GET /user/1, undefined
2024-04-27T20:20:35.634Z info: GET /user/1, undefined
2024-04-27T20:31:30.734Z info: GET /user/1, undefined
2024-04-27T20:31:34.757Z info: GET /user/1, undefined
2024-04-28T00:02:24.303Z info: GET /user/1, undefined
2024-04-28T00:02:24.309Z info: GET /user/1, undefined
2024-04-28T00:02:30.784Z info: GET /user/1, undefined
2024-04-28T00:02:50.715Z info: GET /user/1, undefined
2024-04-28T00:12:39.289Z info: GET /user/1, undefined
2024-04-28T00:12:39.307Z info: GET /user/1, undefined
2024-04-28T00:12:52.503Z info: GET /user/1, undefined
2024-04-28T00:14:38.043Z info: GET /api/user/1, undefined
2024-04-28T00:15:23.766Z info: GET /favicon.ico, undefined
2024-04-28T22:25:58.710Z info: Пользователь успешно зарегистрирован, undefined
2024-04-28T22:39:48.975Z info: Пользователь успешно зарегистрирован, undefined
2024-04-28T22:41:11.931Z info: Пользователь успешно зарегистрирован, undefined
